<test-run id="2" testcasecount="1" result="Passed" start-time="2026-05-08 07:38:44.066627" end-time="2026-05-08 07:38:44.344391" duration="0" total="1" passed="0" failed="1" inconclusive="0" skipped="0" asserts="0" clr-version="3.11.7 (tags/v3.11.7:fa7a6f2, Dec  4 2023, 19:24:49) [MSC v.1937 64 bit (AMD64)]" engine-version="3.6.2"><command-line>C:\Users\ASHUTOSH MISHRA\AppData\Local\Programs\Python\Python311\Lib\site-packages\pytest\__main__.py tests/ -x --tb=short -p no:cacheprovider</command-line><filter><test re="0">tests/</test></filter><test-suite id="tests/test_e2e.py" name="tests/test_e2e.py" fullname="tests/test_e2e.py" methodname="" classname="" runstate="Runnable" type="Assembly" testcasecount="1" result="Passed" label="End-to-end integration tests for the NEXUS backend.&#10;&#10;Exercises:&#10;- /api/health&#10;- OpenAPI schema quality&#10;- POST /api/generate -&gt; task created (Celery stubbed)&#10;- Direct seeding of `deck_slides` to simulate the worker output&#10;- Slide CRUD: GET deck, GET slide, PUT, POST reorder, DELETE&#10;- POST /api/share + GET /api/share/{token}" start-time="2026-05-08 07:38:44.343391" end-time="2026-05-08 07:38:44.344391" duration="0.001" asserts="0" total="1" passed="0" failed="1" warnings="0" inconclusive="0" skipped="0"><properties><property name="python_version" value="3.11.7 (tags/v3.11.7:fa7a6f2, Dec  4 2023, 19:24:49) [MSC v.1937 64 bit (AMD64)]" /></properties><test-case id="100" name="tests/test_e2e.py::test_health" fullname="tests/test_e2e.py::test_health" methodname="test_health" classname="tests/test_e2e.py" runstate="Runnable" seed="1" result="Failed" label="" start-time="2026-05-08 07:38:44.343391" end-time="2026-05-08 07:38:44.344391" duration="0" asserts="0"><properties><property name="python-version" value="3.11.7 (tags/v3.11.7:fa7a6f2, Dec  4 2023, 19:24:49) [MSC v.1937 64 bit (AMD64)]" /><property name="fspath" value="tests/test_e2e.py" /></properties><environment framework-version="3.6.2" clr-version="3.11.7 (tags/v3.11.7:fa7a6f2, Dec  4 2023, 19:24:49) [MSC v.1937 64 bit (AMD64)]" os-version="10" platform="Windows" cwd="D:\nexus-ai\backend" machine-name="AMD64" user="" user-domain="" culture="en_IN" uiculture="en_IN" os-architecture="64bit" /><failure><message><![CDATA[]]></message><stack-trace><![CDATA[]]></stack-trace></failure><reason><message><![CDATA[]]></message></reason><output><![CDATA[]]></output></test-case><environment framework-version="3.6.2" clr-version="3.11.7 (tags/v3.11.7:fa7a6f2, Dec  4 2023, 19:24:49) [MSC v.1937 64 bit (AMD64)]" os-version="10" platform="Windows" cwd="D:\nexus-ai\backend" machine-name="AMD64" user="" user-domain="" culture="en_IN" uiculture="en_IN" os-architecture="64bit" /></test-suite></test-run>